1645523781.316704 DEBUG client Старт запросов пользователя
1645523873.804469 DEBUG client Старт запросов пользователя
1645523878.688278 DEBUG client Клиент выбрал команду проверить подключение
1645523898.222512 DEBUG client Старт запросов пользователя
1645523900.549917 DEBUG client Клиент выбрал команду проверить подключение
1645523900.549917 INFO client Вы подключены, код 202
1645523911.040135 DEBUG client Клиент выбрал команду зарегистрироваться
1645523911.040135 INFO client 202 Вы зарегистрированы
1645523913.177339 DEBUG client Клиент выбрал команду зарегистрироваться
1645523968.399044 DEBUG client Старт запросов пользователя
1645523972.096250 DEBUG client Клиент выбрал команду зарегистрироваться
1645523972.096250 INFO client 101 Такой пользователь существует
1645523976.467258 DEBUG client Клиент выбрал команду проверить подключение
1645523976.467258 INFO client Вы подключены, код 202
1645523979.806664 DEBUG client Клиент выбрал команду отправить сообщение
1645523979.806664 INFO client 404 Такого пользователя нет
1645523983.581871 DEBUG client Клиент выбрал команду выйти
1645523983.581871 INFO client 202 Вы вышли c сервера
1645523983.581871 DEBUG client Пользователь вышел
1645524858.521835 DEBUG client Старт запросов пользователя
1645524866.807850 DEBUG client Клиент выбрал команду зарегистрироваться
1645524867.837452 ERROR client Клиент не смог зайти на сервер 127.0.0.10 орт 7777
1645527456.246715 DEBUG client Старт запросов пользователя
1645527462.428326 DEBUG client Клиент выбрал команду зарегистрироваться
1645527463.458928 ERROR client Клиент не смог зайти на сервер 127.0.0.10 орт 7777
1645527489.814577 DEBUG client Старт запросов пользователя
1645527491.764581 DEBUG client Клиент выбрал команду проверить подключение
1645527491.764581 INFO client Вы подключены, код 202
1645527495.230787 DEBUG client Клиент выбрал команду зарегистрироваться
1645527495.230787 INFO client 202 Вы зарегистрированы
1645527497.133990 DEBUG client Клиент выбрал команду отправить сообщение
1645527497.133990 INFO client 404 Такого пользователя нет
1645527498.570193 DEBUG client Клиент выбрал команду выйти
1645527498.570193 INFO client 202 Вы вышли c сервера
1645527498.570193 DEBUG client Пользователь вышел
1645527685.703407 DEBUG client Старт запросов пользователя
